<?xml version="1.0" encoding="UTF-8"?>
<testsuite name="pointquest.TestPoint" tests="1" skipped="0" failures="0" errors="0" timestamp="2020-02-10T18:07:37" hostname="MacBook-Pro-Mihail.local" time="0.004">
  <properties/>
  <testcase name="testPoint" classname="pointquest.TestPoint" time="0.004"/>
  <system-out><![CDATA[]]></system-out>
  <system-err><![CDATA[]]></system-err>
</testsuite>
